<?xml version="1.0" encoding="UTF-8"?>
<testsuite xmlns:xsi="http://www.w3.org/2001/XMLSchema-instance" xsi:noNamespaceSchemaLocation="https://maven.apache.org/surefire/maven-surefire-plugin/xsd/surefire-test-report.xsd" version="3.0.2" name="com.github.chrispy.hateoasjx.maven.plugin.EnhanceMojoTest" time="2.034" tests="6" errors="0" skipped="0" failures="0">
  <properties>
    <property name="java.specification.version" value="17"/>
    <property name="sun.jnu.encoding" value="UTF-8"/>
    <property name="java.class.path" value="/home/chrispy/projects/hateoasjx/maven-plugin/target/test-classes:/home/chrispy/projects/hateoasjx/maven-plugin/target/classes:/home/chrispy/.m2/repository/org/apache/maven/maven-plugin-api/3.6.0/maven-plugin-api-3.6.0.jar:/home/chrispy/.m2/repository/org/apache/maven/maven-model/3.6.0/maven-model-3.6.0.jar:/home/chrispy/.m2/repository/org/apache/maven/maven-artifact/3.6.0/maven-artifact-3.6.0.jar:/home/chrispy/.m2/repository/org/eclipse/sisu/org.eclipse.sisu.plexus/0.3.3/org.eclipse.sisu.plexus-0.3.3.jar:/home/chrispy/.m2/repository/javax/enterprise/cdi-api/1.0/cdi-api-1.0.jar:/home/chrispy/.m2/repository/javax/annotation/jsr250-api/1.0/jsr250-api-1.0.jar:/home/chrispy/.m2/repository/org/codehaus/plexus/plexus-utils/3.1.0/plexus-utils-3.1.0.jar:/home/chrispy/.m2/repository/org/codehaus/plexus/plexus-classworlds/2.5.2/plexus-classworlds-2.5.2.jar:/home/chrispy/.m2/repository/org/apache/maven/plugin-tools/maven-plugin-annotations/3.6.0/maven-plugin-annotations-3.6.0.jar:/home/chrispy/.m2/repository/org/apache/maven/maven-core/3.6.0/maven-core-3.6.0.jar:/home/chrispy/.m2/repository/org/apache/maven/maven-settings/3.6.0/maven-settings-3.6.0.jar:/home/chrispy/.m2/repository/org/apache/maven/maven-settings-builder/3.6.0/maven-settings-builder-3.6.0.jar:/home/chrispy/.m2/repository/org/sonatype/plexus/plexus-sec-dispatcher/1.4/plexus-sec-dispatcher-1.4.jar:/home/chrispy/.m2/repository/org/sonatype/plexus/plexus-cipher/1.4/plexus-cipher-1.4.jar:/home/chrispy/.m2/repository/org/apache/maven/maven-builder-support/3.6.0/maven-builder-support-3.6.0.jar:/home/chrispy/.m2/repository/org/apache/maven/maven-repository-metadata/3.6.0/maven-repository-metadata-3.6.0.jar:/home/chrispy/.m2/repository/org/apache/maven/maven-model-builder/3.6.0/maven-model-builder-3.6.0.jar:/home/chrispy/.m2/repository/org/apache/maven/maven-resolver-provider/3.6.0/maven-resolver-provider-3.6.0.jar:/home/chrispy/.m2/repository/org/slf4j/slf4j-api/1.7.25/slf4j-api-1.7.25.jar:/home/chrispy/.m2/repository/org/apache/maven/resolver/maven-resolver-impl/1.3.1/maven-resolver-impl-1.3.1.jar:/home/chrispy/.m2/repository/org/apache/maven/resolver/maven-resolver-api/1.3.1/maven-resolver-api-1.3.1.jar:/home/chrispy/.m2/repository/org/apache/maven/resolver/maven-resolver-spi/1.3.1/maven-resolver-spi-1.3.1.jar:/home/chrispy/.m2/repository/org/apache/maven/resolver/maven-resolver-util/1.3.1/maven-resolver-util-1.3.1.jar:/home/chrispy/.m2/repository/org/apache/maven/shared/maven-shared-utils/3.2.1/maven-shared-utils-3.2.1.jar:/home/chrispy/.m2/repository/org/eclipse/sisu/org.eclipse.sisu.inject/0.3.3/org.eclipse.sisu.inject-0.3.3.jar:/home/chrispy/.m2/repository/com/google/inject/guice/4.2.1/guice-4.2.1-no_aop.jar:/home/chrispy/.m2/repository/aopalliance/aopalliance/1.0/aopalliance-1.0.jar:/home/chrispy/.m2/repository/com/google/guava/guava/25.1-android/guava-25.1-android.jar:/home/chrispy/.m2/repository/com/google/code/findbugs/jsr305/3.0.2/jsr305-3.0.2.jar:/home/chrispy/.m2/repository/org/checkerframework/checker-compat-qual/2.0.0/checker-compat-qual-2.0.0.jar:/home/chrispy/.m2/repository/com/google/errorprone/error_prone_annotations/2.1.3/error_prone_annotations-2.1.3.jar:/home/chrispy/.m2/repository/com/google/j2objc/j2objc-annotations/1.1/j2objc-annotations-1.1.jar:/home/chrispy/.m2/repository/org/codehaus/mojo/animal-sniffer-annotations/1.14/animal-sniffer-annotations-1.14.jar:/home/chrispy/.m2/repository/javax/inject/javax.inject/1/javax.inject-1.jar:/home/chrispy/.m2/repository/org/codehaus/plexus/plexus-component-annotations/1.7.1/plexus-component-annotations-1.7.1.jar:/home/chrispy/.m2/repository/org/apache/commons/commons-lang3/3.8.1/commons-lang3-3.8.1.jar:/home/chrispy/projects/hateoasjx/api/target/hateoasjx.api-1.0.0-SNAPSHOT.jar:/home/chrispy/projects/hateoasjx/common/target/hateoasjx.common-1.0.0-SNAPSHOT.jar:/home/chrispy/projects/hateoasjx/client/target/hateoasjx.client-1.0.0-SNAPSHOT.jar:/home/chrispy/.m2/repository/org/javassist/javassist/3.30.2-GA/javassist-3.30.2-GA.jar:/home/chrispy/.m2/repository/org/mockito/mockito-core/5.14.1/mockito-core-5.14.1.jar:/home/chrispy/.m2/repository/net/bytebuddy/byte-buddy/1.15.3/byte-buddy-1.15.3.jar:/home/chrispy/.m2/repository/net/bytebuddy/byte-buddy-agent/1.15.3/byte-buddy-agent-1.15.3.jar:/home/chrispy/.m2/repository/org/objenesis/objenesis/3.3/objenesis-3.3.jar:/home/chrispy/.m2/repository/org/apache/maven/plugin-testing/maven-plugin-testing-harness/3.3.0/maven-plugin-testing-harness-3.3.0.jar:/home/chrispy/.m2/repository/commons-io/commons-io/2.2/commons-io-2.2.jar:/home/chrispy/.m2/repository/org/codehaus/plexus/plexus-archiver/2.2/plexus-archiver-2.2.jar:/home/chrispy/.m2/repository/org/codehaus/plexus/plexus-container-default/1.0-alpha-9-stable-1/plexus-container-default-1.0-alpha-9-stable-1.jar:/home/chrispy/.m2/repository/classworlds/classworlds/1.1-alpha-2/classworlds-1.1-alpha-2.jar:/home/chrispy/.m2/repository/org/codehaus/plexus/plexus-io/2.0.4/plexus-io-2.0.4.jar:/home/chrispy/.m2/repository/junit/junit/4.13.2/junit-4.13.2.jar:/home/chrispy/.m2/repository/org/hamcrest/hamcrest-core/1.3/hamcrest-core-1.3.jar:/home/chrispy/.m2/repository/org/hamcrest/hamcrest/2.2/hamcrest-2.2.jar:/home/chrispy/.m2/repository/org/apache/maven/maven-compat/3.6.0/maven-compat-3.6.0.jar:/home/chrispy/.m2/repository/org/codehaus/plexus/plexus-interpolation/1.25/plexus-interpolation-1.25.jar:/home/chrispy/.m2/repository/org/apache/maven/wagon/wagon-provider-api/3.2.0/wagon-provider-api-3.2.0.jar:"/>
    <property name="java.vm.vendor" value="Azul Systems, Inc."/>
    <property name="sun.arch.data.model" value="64"/>
    <property name="java.vendor.url" value="http://www.azul.com/"/>
    <property name="os.name" value="Linux"/>
    <property name="java.vm.specification.version" value="17"/>
    <property name="sun.java.launcher" value="SUN_STANDARD"/>
    <property name="user.country" value="DE"/>
    <property name="sun.boot.library.path" value="/usr/local/lib/java17/lib"/>
    <property name="sun.java.command" value="/home/chrispy/projects/hateoasjx/maven-plugin/target/surefire/surefirebooter-20241002180748341_9.jar /home/chrispy/projects/hateoasjx/maven-plugin/target/surefire 2024-10-02T18-07-41_122-jvmRun1 surefire-20241002180748341_7tmp surefire_2-20241002180748341_8tmp"/>
    <property name="jdk.debug" value="release"/>
    <property name="surefire.test.class.path" value="/home/chrispy/projects/hateoasjx/maven-plugin/target/test-classes:/home/chrispy/projects/hateoasjx/maven-plugin/target/classes:/home/chrispy/.m2/repository/org/apache/maven/maven-plugin-api/3.6.0/maven-plugin-api-3.6.0.jar:/home/chrispy/.m2/repository/org/apache/maven/maven-model/3.6.0/maven-model-3.6.0.jar:/home/chrispy/.m2/repository/org/apache/maven/maven-artifact/3.6.0/maven-artifact-3.6.0.jar:/home/chrispy/.m2/repository/org/eclipse/sisu/org.eclipse.sisu.plexus/0.3.3/org.eclipse.sisu.plexus-0.3.3.jar:/home/chrispy/.m2/repository/javax/enterprise/cdi-api/1.0/cdi-api-1.0.jar:/home/chrispy/.m2/repository/javax/annotation/jsr250-api/1.0/jsr250-api-1.0.jar:/home/chrispy/.m2/repository/org/codehaus/plexus/plexus-utils/3.1.0/plexus-utils-3.1.0.jar:/home/chrispy/.m2/repository/org/codehaus/plexus/plexus-classworlds/2.5.2/plexus-classworlds-2.5.2.jar:/home/chrispy/.m2/repository/org/apache/maven/plugin-tools/maven-plugin-annotations/3.6.0/maven-plugin-annotations-3.6.0.jar:/home/chrispy/.m2/repository/org/apache/maven/maven-core/3.6.0/maven-core-3.6.0.jar:/home/chrispy/.m2/repository/org/apache/maven/maven-settings/3.6.0/maven-settings-3.6.0.jar:/home/chrispy/.m2/repository/org/apache/maven/maven-settings-builder/3.6.0/maven-settings-builder-3.6.0.jar:/home/chrispy/.m2/repository/org/sonatype/plexus/plexus-sec-dispatcher/1.4/plexus-sec-dispatcher-1.4.jar:/home/chrispy/.m2/repository/org/sonatype/plexus/plexus-cipher/1.4/plexus-cipher-1.4.jar:/home/chrispy/.m2/repository/org/apache/maven/maven-builder-support/3.6.0/maven-builder-support-3.6.0.jar:/home/chrispy/.m2/repository/org/apache/maven/maven-repository-metadata/3.6.0/maven-repository-metadata-3.6.0.jar:/home/chrispy/.m2/repository/org/apache/maven/maven-model-builder/3.6.0/maven-model-builder-3.6.0.jar:/home/chrispy/.m2/repository/org/apache/maven/maven-resolver-provider/3.6.0/maven-resolver-provider-3.6.0.jar:/home/chrispy/.m2/repository/org/slf4j/slf4j-api/1.7.25/slf4j-api-1.7.25.jar:/home/chrispy/.m2/repository/org/apache/maven/resolver/maven-resolver-impl/1.3.1/maven-resolver-impl-1.3.1.jar:/home/chrispy/.m2/repository/org/apache/maven/resolver/maven-resolver-api/1.3.1/maven-resolver-api-1.3.1.jar:/home/chrispy/.m2/repository/org/apache/maven/resolver/maven-resolver-spi/1.3.1/maven-resolver-spi-1.3.1.jar:/home/chrispy/.m2/repository/org/apache/maven/resolver/maven-resolver-util/1.3.1/maven-resolver-util-1.3.1.jar:/home/chrispy/.m2/repository/org/apache/maven/shared/maven-shared-utils/3.2.1/maven-shared-utils-3.2.1.jar:/home/chrispy/.m2/repository/org/eclipse/sisu/org.eclipse.sisu.inject/0.3.3/org.eclipse.sisu.inject-0.3.3.jar:/home/chrispy/.m2/repository/com/google/inject/guice/4.2.1/guice-4.2.1-no_aop.jar:/home/chrispy/.m2/repository/aopalliance/aopalliance/1.0/aopalliance-1.0.jar:/home/chrispy/.m2/repository/com/google/guava/guava/25.1-android/guava-25.1-android.jar:/home/chrispy/.m2/repository/com/google/code/findbugs/jsr305/3.0.2/jsr305-3.0.2.jar:/home/chrispy/.m2/repository/org/checkerframework/checker-compat-qual/2.0.0/checker-compat-qual-2.0.0.jar:/home/chrispy/.m2/repository/com/google/errorprone/error_prone_annotations/2.1.3/error_prone_annotations-2.1.3.jar:/home/chrispy/.m2/repository/com/google/j2objc/j2objc-annotations/1.1/j2objc-annotations-1.1.jar:/home/chrispy/.m2/repository/org/codehaus/mojo/animal-sniffer-annotations/1.14/animal-sniffer-annotations-1.14.jar:/home/chrispy/.m2/repository/javax/inject/javax.inject/1/javax.inject-1.jar:/home/chrispy/.m2/repository/org/codehaus/plexus/plexus-component-annotations/1.7.1/plexus-component-annotations-1.7.1.jar:/home/chrispy/.m2/repository/org/apache/commons/commons-lang3/3.8.1/commons-lang3-3.8.1.jar:/home/chrispy/projects/hateoasjx/api/target/hateoasjx.api-1.0.0-SNAPSHOT.jar:/home/chrispy/projects/hateoasjx/common/target/hateoasjx.common-1.0.0-SNAPSHOT.jar:/home/chrispy/projects/hateoasjx/client/target/hateoasjx.client-1.0.0-SNAPSHOT.jar:/home/chrispy/.m2/repository/org/javassist/javassist/3.30.2-GA/javassist-3.30.2-GA.jar:/home/chrispy/.m2/repository/org/mockito/mockito-core/5.14.1/mockito-core-5.14.1.jar:/home/chrispy/.m2/repository/net/bytebuddy/byte-buddy/1.15.3/byte-buddy-1.15.3.jar:/home/chrispy/.m2/repository/net/bytebuddy/byte-buddy-agent/1.15.3/byte-buddy-agent-1.15.3.jar:/home/chrispy/.m2/repository/org/objenesis/objenesis/3.3/objenesis-3.3.jar:/home/chrispy/.m2/repository/org/apache/maven/plugin-testing/maven-plugin-testing-harness/3.3.0/maven-plugin-testing-harness-3.3.0.jar:/home/chrispy/.m2/repository/commons-io/commons-io/2.2/commons-io-2.2.jar:/home/chrispy/.m2/repository/org/codehaus/plexus/plexus-archiver/2.2/plexus-archiver-2.2.jar:/home/chrispy/.m2/repository/org/codehaus/plexus/plexus-container-default/1.0-alpha-9-stable-1/plexus-container-default-1.0-alpha-9-stable-1.jar:/home/chrispy/.m2/repository/classworlds/classworlds/1.1-alpha-2/classworlds-1.1-alpha-2.jar:/home/chrispy/.m2/repository/org/codehaus/plexus/plexus-io/2.0.4/plexus-io-2.0.4.jar:/home/chrispy/.m2/repository/junit/junit/4.13.2/junit-4.13.2.jar:/home/chrispy/.m2/repository/org/hamcrest/hamcrest-core/1.3/hamcrest-core-1.3.jar:/home/chrispy/.m2/repository/org/hamcrest/hamcrest/2.2/hamcrest-2.2.jar:/home/chrispy/.m2/repository/org/apache/maven/maven-compat/3.6.0/maven-compat-3.6.0.jar:/home/chrispy/.m2/repository/org/codehaus/plexus/plexus-interpolation/1.25/plexus-interpolation-1.25.jar:/home/chrispy/.m2/repository/org/apache/maven/wagon/wagon-provider-api/3.2.0/wagon-provider-api-3.2.0.jar:"/>
    <property name="sun.cpu.endian" value="little"/>
    <property name="user.home" value="/home/chrispy"/>
    <property name="user.language" value="de"/>
    <property name="java.specification.vendor" value="Oracle Corporation"/>
    <property name="java.version.date" value="2022-04-19"/>
    <property name="java.home" value="/usr/local/lib/java17"/>
    <property name="file.separator" value="/"/>
    <property name="basedir" value="/home/chrispy/projects/hateoasjx/maven-plugin"/>
    <property name="java.vm.compressedOopsMode" value="Zero based"/>
    <property name="line.separator" value="&#10;"/>
    <property name="java.vm.specification.vendor" value="Oracle Corporation"/>
    <property name="java.specification.name" value="Java Platform API Specification"/>
    <property name="surefire.real.class.path" value="/home/chrispy/projects/hateoasjx/maven-plugin/target/surefire/surefirebooter-20241002180748341_9.jar"/>
    <property name="sun.management.compiler" value="HotSpot 64-Bit Tiered Compilers"/>
    <property name="java.runtime.version" value="17.0.3+7-LTS"/>
    <property name="user.name" value="chrispy"/>
    <property name="path.separator" value=":"/>
    <property name="os.version" value="6.1.0-25-amd64"/>
    <property name="java.runtime.name" value="OpenJDK Runtime Environment"/>
    <property name="file.encoding" value="UTF-8"/>
    <property name="java.vm.name" value="OpenJDK 64-Bit Server VM"/>
    <property name="java.vendor.version" value="Zulu17.34+19-CA"/>
    <property name="localRepository" value="/home/chrispy/.m2/repository"/>
    <property name="java.vendor.url.bug" value="http://www.azul.com/support/"/>
    <property name="java.io.tmpdir" value="/tmp"/>
    <property name="java.version" value="17.0.3"/>
    <property name="user.dir" value="/home/chrispy/projects/hateoasjx/maven-plugin"/>
    <property name="os.arch" value="amd64"/>
    <property name="java.vm.specification.name" value="Java Virtual Machine Specification"/>
    <property name="native.encoding" value="UTF-8"/>
    <property name="java.library.path" value="/usr/java/packages/lib:/usr/lib64:/lib64:/lib:/usr/lib"/>
    <property name="java.vm.info" value="mixed mode, sharing"/>
    <property name="java.vendor" value="Azul Systems, Inc."/>
    <property name="java.vm.version" value="17.0.3+7-LTS"/>
    <property name="sun.io.unicode.encoding" value="UnicodeLittle"/>
    <property name="java.class.version" value="61.0"/>
  </properties>
  <testcase name="testResolvableInheritance" classname="com.github.chrispy.hateoasjx.maven.plugin.EnhanceMojoTest" time="0.037">
    <system-out><![CDATA[[INFO] [HateoasJx] Processing com.github.chrispy.app.Basic
[INFO] [HateoasJx] Processing com.github.chrispy.app.MoreThen10
[INFO] [HateoasJx] Processing com.github.chrispy.app.Human
[INFO] [HateoasJx] Processing com.github.chrispy.app.Parents
]]></system-out>
    <system-err><![CDATA[SLF4J: Failed to load class "org.slf4j.impl.StaticLoggerBinder".
SLF4J: Defaulting to no-operation (NOP) logger implementation
SLF4J: See http://www.slf4j.org/codes.html#StaticLoggerBinder for further details.
]]></system-err>
  </testcase>
  <testcase name="testResolvableBasic" classname="com.github.chrispy.hateoasjx.maven.plugin.EnhanceMojoTest" time="0.001"/>
  <testcase name="testProxyResolve" classname="com.github.chrispy.hateoasjx.maven.plugin.EnhanceMojoTest" time="0.974"/>
  <testcase name="testResolvableMoreThen10" classname="com.github.chrispy.hateoasjx.maven.plugin.EnhanceMojoTest" time="0.001"/>
  <testcase name="testProxyNonNullIdentifier" classname="com.github.chrispy.hateoasjx.maven.plugin.EnhanceMojoTest" time="0.001"/>
  <testcase name="testProxyNullIdentifier" classname="com.github.chrispy.hateoasjx.maven.plugin.EnhanceMojoTest" time="0.001"/>
</testsuite>